2025-08-20T16:10:57:    ▲ Next.js 14.0.4
2025-08-20T16:10:57:    - Local:        http://localhost:3000
2025-08-20T16:10:57: 
2025-08-20T16:10:57:  ✓ Ready in 537ms
2025-08-20T16:13:40:    ▲ Next.js 14.0.4
2025-08-20T16:13:42:    ▲ Next.js 14.0.4
2025-08-20T16:13:42:    - Local:        http://localhost:3000
2025-08-20T16:13:42: 
2025-08-20T16:13:42:  ✓ Ready in 527ms
2025-08-20T16:14:58:    ▲ Next.js 14.0.4
2025-08-20T16:15:00:    ▲ Next.js 14.0.4
2025-08-20T16:15:00:    - Local:        http://localhost:3000
2025-08-20T16:15:00: 
2025-08-20T16:15:00:  ✓ Ready in 890ms
2025-08-20T16:16:32:    ▲ Next.js 14.0.4
2025-08-20T16:16:34:    ▲ Next.js 14.0.4
2025-08-20T16:16:34:    - Local:        http://localhost:3000
2025-08-20T16:16:34: 
2025-08-20T16:16:34:  ✓ Ready in 546ms
2025-08-20T16:17:34:    ▲ Next.js 14.0.4
2025-08-20T16:17:37:    ▲ Next.js 14.0.4
2025-08-20T16:17:37:    - Local:        http://localhost:3000
2025-08-20T16:17:37: 
2025-08-20T16:17:37:  ✓ Ready in 1076ms
2025-08-20T16:18:17:    ▲ Next.js 14.0.4
2025-08-20T16:18:19:    ▲ Next.js 14.0.4
2025-08-20T16:18:19:    - Local:        http://localhost:3000
2025-08-20T16:18:19: 
2025-08-20T16:18:19:  ✓ Ready in 553ms
2025-08-20T16:21:23:    ▲ Next.js 14.0.4
2025-08-20T16:21:23:    - Local:        http://localhost:3000
2025-08-20T16:21:23: 
2025-08-20T16:21:24:  ✓ Ready in 3.3s
